<?xml version="1.0" encoding="UTF-8"?>
<testng-results ignored="0" total="2" passed="2" failed="0" skipped="0">
  <reporter-output>
  </reporter-output>
  <suite started-at="2019-04-10T19:50:51Z" name="Surefire suite" finished-at="2019-04-10T19:51:21Z" duration-ms="29671">
    <groups>
    </groups>
    <test started-at="2019-04-10T19:50:51Z" name="Surefire test" finished-at="2019-04-10T19:51:21Z" duration-ms="29671">
      <class name="tests.TestExistingEmail">
        <test-method is-config="true" signature="beforeTest()[pri:0, instance:tests.TestExistingEmail@1d119efb]" started-at="2019-04-10T19:50:51Z" name="beforeTest" finished-at="2019-04-10T19:51:01Z" duration-ms="9194" status="PASS">
          <reporter-output>
          </reporter-output>
        </test-method> <!-- beforeTest -->
        <test-method signature="emailExists()[pri:0, instance:tests.TestExistingEmail@1d119efb]" started-at="2019-04-10T19:51:01Z" name="emailExists" finished-at="2019-04-10T19:51:07Z" duration-ms="6106" status="PASS">
          <reporter-output>
          </reporter-output>
        </test-method> <!-- emailExists -->
        <test-method is-config="true" signature="afterTest()[pri:0, instance:tests.TestExistingEmail@1d119efb]" started-at="2019-04-10T19:51:07Z" name="afterTest" finished-at="2019-04-10T19:51:08Z" duration-ms="852" status="PASS">
          <reporter-output>
          </reporter-output>
        </test-method> <!-- afterTest -->
      </class> <!-- tests.TestExistingEmail -->
      <class name="tests.TestNewEmail">
        <test-method is-config="true" signature="beforeTest()[pri:0, instance:tests.TestNewEmail@659a969b]" started-at="2019-04-10T19:51:08Z" name="beforeTest" finished-at="2019-04-10T19:51:16Z" duration-ms="8453" status="PASS">
          <reporter-output>
          </reporter-output>
        </test-method> <!-- beforeTest -->
        <test-method signature="newEmail()[pri:0, instance:tests.TestNewEmail@659a969b]" started-at="2019-04-10T19:51:16Z" name="newEmail" finished-at="2019-04-10T19:51:20Z" duration-ms="4125" status="PASS">
          <reporter-output>
          </reporter-output>
        </test-method> <!-- newEmail -->
        <test-method is-config="true" signature="afterTest()[pri:0, instance:tests.TestNewEmail@659a969b]" started-at="2019-04-10T19:51:20Z" name="afterTest" finished-at="2019-04-10T19:51:21Z" duration-ms="906" status="PASS">
          <reporter-output>
          </reporter-output>
        </test-method> <!-- afterTest -->
      </class> <!-- tests.TestNewEmail -->
    </test> <!-- Surefire test -->
  </suite> <!-- Surefire suite -->
</testng-results>
